<?xml version="1.0" encoding="UTF-8"?>
<!-- Generated by org.testng.reporters.JUnitReportReporter -->
<testsuite skipped="0" hostname="Admins-MacBook-Pro.local" name="com.silvercar.dealerwareandroid.testcases.TC006AdditionalDriverWithContactlessContract" tests="1" failures="0" timestamp="2022-04-20T12:08:23 CDT" time="170.895" errors="0">
  <testcase name="additionalDriverWithContactlessContract" time="170.895" classname="com.silvercar.dealerwareandroid.testcases.TC006AdditionalDriverWithContactlessContract"/>
</testsuite> <!-- com.silvercar.dealerwareandroid.testcases.TC006AdditionalDriverWithContactlessContract -->
