<?xml version="1.0" encoding="UTF-8"?>
<!-- Generated by org.testng.reporters.JUnitReportReporter -->
<testsuite skipped="0" hostname="Admins-MacBook-Pro.local" name="com.silvercar.dealerwareandroid.testcases.TC001LoginTest" tests="2" failures="0" timestamp="2022-04-13T10:24:15 CDT" time="48.689" errors="0">
  <testcase name="valid_Login_Test" time="23.018" classname="com.silvercar.dealerwareandroid.testcases.TC001LoginTest"/>
  <testcase name="invalid_login_test" time="25.671" classname="com.silvercar.dealerwareandroid.testcases.TC001LoginTest"/>
</testsuite> <!-- com.silvercar.dealerwareandroid.testcases.TC001LoginTest -->
