<?xml version="1.0" encoding="UTF-8"?>
<!-- Generated by org.testng.reporters.JUnitReportReporter -->
<testsuite skipped="0" hostname="Admins-MacBook-Pro.local" name="com.silvercar.dealerwareandroid.testcases.TC004ContractValidationWithAdditionalDriverTest" tests="1" failures="0" timestamp="2022-03-30T23:56:34 CDT" time="228.038" errors="0">
  <testcase name="contractValidationWithAdditionalDriver" time="228.038" classname="com.silvercar.dealerwareandroid.testcases.TC004ContractValidationWithAdditionalDriverTest"/>
</testsuite> <!-- com.silvercar.dealerwareandroid.testcases.TC004ContractValidationWithAdditionalDriverTest -->
