<?xml version="1.0" encoding="UTF-8"?>
<!-- Generated by org.testng.reporters.JUnitReportReporter -->
<testsuite skipped="0" hostname="Admins-MacBook-Pro.local" name="com.silvercar.dealerwareandroid.testcases.TC009ContractFuturePickUpDropOffDates" tests="1" failures="0" timestamp="2022-06-08T12:17:36 CDT" time="109.853" errors="0">
  <testcase name="contractFuturePickUpDropOffDatesStartReservation" time="109.853" classname="com.silvercar.dealerwareandroid.testcases.TC009ContractFuturePickUpDropOffDates"/>
</testsuite> <!-- com.silvercar.dealerwareandroid.testcases.TC009ContractFuturePickUpDropOffDates -->
