<?xml version="1.0" encoding="UTF-8"?>
<!-- Generated by org.testng.reporters.JUnitReportReporter -->
<testsuite skipped="0" hostname="Admins-MacBook-Pro.local" name="com.silvercar.dealerwareandroid.testcases.TC008VehicleGroupTestValidations" tests="1" failures="0" timestamp="2022-05-16T11:35:11 CDT" time="245.534" errors="0">
  <testcase name="vechicleGroupPageValidations" time="245.534" classname="com.silvercar.dealerwareandroid.testcases.TC008VehicleGroupTestValidations"/>
</testsuite> <!-- com.silvercar.dealerwareandroid.testcases.TC008VehicleGroupTestValidations -->
