<?xml version="1.0" encoding="UTF-8"?>
<!-- Generated by org.testng.reporters.JUnitReportReporter -->
<testsuite skipped="0" hostname="Admins-MacBook-Pro.local" name="com.silvercar.dealerwareandroid.testcases.TC003ContractValidationTest" tests="1" failures="0" timestamp="2022-04-05T10:31:18 CDT" time="169.545" errors="0">
  <testcase name="createContractStartAndFinish" time="169.545" classname="com.silvercar.dealerwareandroid.testcases.TC003ContractValidationTest"/>
</testsuite> <!-- com.silvercar.dealerwareandroid.testcases.TC003ContractValidationTest -->
