<?xml version="1.0" encoding="UTF-8"?>
<!-- Generated by org.testng.reporters.JUnitReportReporter -->
<testsuite skipped="0" hostname="Admins-MacBook-Pro.local" name="com.silvercar.dealerwareandroid.testcases.TC002CustomerValidationTest" tests="2" failures="0" timestamp="2022-02-17T22:01:34 CST" time="181.173" errors="0">
  <testcase name="validateCustomerCreation" time="111.815" classname="com.silvercar.dealerwareandroid.testcases.TC002CustomerValidationTest"/>
  <testcase name="customerSearchFunctionality" time="69.358" classname="com.silvercar.dealerwareandroid.testcases.TC002CustomerValidationTest"/>
</testsuite> <!-- com.silvercar.dealerwareandroid.testcases.TC002CustomerValidationTest -->
