<?xml version="1.0" encoding="UTF-8"?>
<!-- Generated by org.testng.reporters.JUnitReportReporter -->
<testsuite skipped="0" hostname="Admins-MacBook-Pro.local" name="com.silvercar.dealerwareandroid.testcases.TC005AdiitionalDriverValidationOnContractScrren" tests="1" failures="0" timestamp="2022-04-05T11:19:41 CDT" time="161.379" errors="0">
  <testcase name="additionalDriverValidationOnContractScreen" time="161.379" classname="com.silvercar.dealerwareandroid.testcases.TC005AdiitionalDriverValidationOnContractScrren"/>
</testsuite> <!-- com.silvercar.dealerwareandroid.testcases.TC005AdiitionalDriverValidationOnContractScrren -->
