<?xml version="1.0" encoding="UTF-8"?>
<!-- Generated by org.testng.reporters.JUnitReportReporter -->
<testsuite skipped="0" hostname="Admins-MacBook-Pro.local" name="com.silvercar.dealerwareandroid.testcases.TC007AvailabityPickupTestValidations" tests="1" failures="0" timestamp="2022-05-06T08:30:30 CDT" time="64.086" errors="0">
  <testcase name="availabityPickupTestValidations" time="64.086" classname="com.silvercar.dealerwareandroid.testcases.TC007AvailabityPickupTestValidations"/>
</testsuite> <!-- com.silvercar.dealerwareandroid.testcases.TC007AvailabityPickupTestValidations -->
