<?xml version="1.0" encoding="UTF-8"?>
<!-- Generated by org.testng.reporters.JUnitReportReporter -->
<testsuite hostname="PITTALA-DEV-L" failures="0" tests="1" name="testCases.Login_001" time="35.544" errors="0" timestamp="3 Jun 2022 16:19:17 GMT">
  <testcase classname="testCases.Login_001" name="LoginTest" time="35.544"/>
</testsuite> <!-- testCases.Login_001 -->
