<?xml version="1.0" encoding="UTF-8"?>
<!-- Generated by org.testng.reporters.JUnitReportReporter -->
<testsuite hostname="PITTALA-DEV-L" failures="0" tests="1" name="testCases.AddCustormer_002" time="59.083" errors="0" timestamp="3 Jun 2022 16:19:17 GMT">
  <testcase classname="testCases.AddCustormer_002" name="AddCustormer" time="59.083"/>
</testsuite> <!-- testCases.AddCustormer_002 -->
