<?xml version="1.0" encoding="UTF-8"?>
<!-- Generated by org.testng.reporters.JUnitReportReporter -->
<testsuite hostname="PITTALA-DEV-L" failures="0" tests="3" name="dataDriverTest.TC008_DD_GET_Request_DataProvider" time="3.304" errors="0" timestamp="2022-06-07T20:58:35 IST" skipped="0">
  <testcase classname="dataDriverTest.TC008_DD_GET_Request_DataProvider" name="AddUsers" time="0.408"/>
  <system-out/>
  <testcase classname="dataDriverTest.TC008_DD_GET_Request_DataProvider" name="AddUsers" time="2.416"/>
  <system-out/>
  <testcase classname="dataDriverTest.TC008_DD_GET_Request_DataProvider" name="AddUsers" time="0.480"/>
  <system-out/>
</testsuite> <!-- dataDriverTest.TC008_DD_GET_Request_DataProvider -->
